\BOOKMARK [0][-]{chapter.1}{\376\377\000g\000r\000a\000p\000h\000\137\000r\000i\000c\000c\000i\000\137\000c\000u\000r\000v\000a\000t\000u\000r\000e}{}% 1
\BOOKMARK [1][-]{section.1.1}{\376\377\000I\000n\000s\000t\000a\000l\000l\000a\000t\000i\000o\000n}{chapter.1}% 2
\BOOKMARK [2][-]{subsection.1.1.1}{\376\377\000F\000r\000o\000m\000\040\000S\000o\000u\000r\000c\000e}{section.1.1}% 3
\BOOKMARK [2][-]{subsection.1.1.2}{\376\377\000D\000o\000w\000n\000l\000o\000a\000d\000\040\000t\000h\000e\000\040\000.\000w\000h\000l\000\040\000f\000r\000o\000m\000\040\000R\000e\000l\000e\000a\000s\000e\000s}{section.1.1}% 4
\BOOKMARK [2][-]{subsection.1.1.3}{\376\377\000F\000r\000o\000m\000\040\000P\000y\000P\000i}{section.1.1}% 5
\BOOKMARK [1][-]{section.1.2}{\376\377\000U\000s\000a\000g\000e}{chapter.1}% 6
\BOOKMARK [1][-]{section.1.3}{\376\377\000M\000a\000n\000u\000a\000l}{chapter.1}% 7
\BOOKMARK [0][-]{chapter.2}{\376\377\000R\000e\000f\000e\000r\000e\000n\000c\000e\000s}{}% 8
\BOOKMARK [0][-]{chapter.3}{\376\377\000g\000r\000a\000p\000h\000\137\000r\000i\000c\000c\000i\000\137\000c\000u\000r\000v\000a\000t\000u\000r\000e}{}% 9
\BOOKMARK [1][-]{section.3.1}{\376\377\000g\000r\000a\000p\000h\000\137\000r\000i\000c\000c\000i\000\137\000c\000u\000r\000v\000a\000t\000u\000r\000e\000\040\000p\000a\000c\000k\000a\000g\000e}{chapter.3}% 10
\BOOKMARK [2][-]{subsection.3.1.1}{\376\377\000S\000u\000b\000m\000o\000d\000u\000l\000e\000s}{section.3.1}% 11
\BOOKMARK [2][-]{subsection.3.1.2}{\376\377\000g\000r\000a\000p\000h\000\137\000r\000i\000c\000c\000i\000\137\000c\000u\000r\000v\000a\000t\000u\000r\000e\000.\000f\000o\000r\000m\000a\000n\000\137\000r\000i\000c\000c\000i\000\137\000c\000u\000r\000v\000a\000t\000u\000r\000e\000\040\000m\000o\000d\000u\000l\000e}{section.3.1}% 12
\BOOKMARK [3][-]{subsubsection*.4}{\376\377\000P\000a\000r\000a\000m\000e\000t\000e\000r\000s}{subsection.3.1.2}% 13
\BOOKMARK [4][-]{paragraph*.6}{\376\377\000P\000a\000r\000a\000m\000e\000t\000e\000r\000s}{subsubsection*.4}% 14
\BOOKMARK [4][-]{paragraph*.8}{\376\377\000P\000a\000r\000a\000m\000e\000t\000e\000r\000s}{subsubsection*.4}% 15
\BOOKMARK [4][-]{paragraph*.9}{\376\377\000R\000e\000t\000u\000r\000n\000s}{subsubsection*.4}% 16
\BOOKMARK [2][-]{subsection.3.1.3}{\376\377\000g\000r\000a\000p\000h\000\137\000r\000i\000c\000c\000i\000\137\000c\000u\000r\000v\000a\000t\000u\000r\000e\000.\000o\000l\000l\000i\000v\000i\000e\000r\000\137\000r\000i\000c\000c\000i\000\137\000c\000u\000r\000v\000a\000t\000u\000r\000e\000\040\000m\000o\000d\000u\000l\000e}{section.3.1}% 17
\BOOKMARK [3][-]{subsubsection*.11}{\376\377\000P\000a\000r\000a\000m\000e\000t\000e\000r\000s}{subsection.3.1.3}% 18
\BOOKMARK [4][-]{paragraph*.13}{\376\377\000P\000a\000r\000a\000m\000e\000t\000e\000r\000s}{subsubsection*.11}% 19
\BOOKMARK [4][-]{paragraph*.14}{\376\377\000R\000e\000t\000u\000r\000n\000s}{subsubsection*.11}% 20
\BOOKMARK [4][-]{paragraph*.16}{\376\377\000P\000a\000r\000a\000m\000e\000t\000e\000r\000s}{subsubsection*.11}% 21
\BOOKMARK [4][-]{paragraph*.17}{\376\377\000R\000e\000t\000u\000r\000n\000s}{subsubsection*.11}% 22
\BOOKMARK [2][-]{subsection.3.1.4}{\376\377\000M\000o\000d\000u\000l\000e\000\040\000c\000o\000n\000t\000e\000n\000t\000s}{section.3.1}% 23
\BOOKMARK [0][-]{chapter.4}{\376\377\000I\000n\000d\000i\000c\000e\000s\000\040\000a\000n\000d\000\040\000t\000a\000b\000l\000e\000s}{}% 24
\BOOKMARK [0][-]{section*.18}{\376\377\000P\000y\000t\000h\000o\000n\000\040\000M\000o\000d\000u\000l\000e\000\040\000I\000n\000d\000e\000x}{}% 25
\BOOKMARK [0][-]{section*.19}{\376\377\000I\000n\000d\000e\000x}{}% 26
